F:\작업\MAPHACK 1.13C\DEBUG\QOOMAP.DLL
F:\작업\MAPHACK 1.13C\DEBUG\QOOMAP.ILK
F:\작업\MAPHACK 1.13C\DEBUG\QOOMAP.PDB
F:\작업\MAPHACK 1.13C\QOOMAP\DEBUG\AUTOMAP.OBJ
F:\작업\MAPHACK 1.13C\QOOMAP\DEBUG\BUYACTION_INFO.OBJ
F:\작업\Maphack 1.13c\QooMap\Debug\cl.command.1.tlog
F:\작업\Maphack 1.13c\QooMap\Debug\CL.read.1.tlog
F:\작업\Maphack 1.13c\QooMap\Debug\CL.write.1.tlog
F:\작업\MAPHACK 1.13C\QOOMAP\DEBUG\D2STATE.OBJ
F:\작업\MAPHACK 1.13C\QOOMAP\DEBUG\DLLMAIN.OBJ
F:\작업\MAPHACK 1.13C\QOOMAP\DEBUG\ENTERINGLEVELTEXT.OBJ
F:\작업\MAPHACK 1.13C\QOOMAP\DEBUG\ITEMPATCH.OBJ
F:\작업\Maphack 1.13c\QooMap\Debug\link.command.1.tlog
F:\작업\Maphack 1.13c\QooMap\Debug\link.read.1.tlog
F:\작업\Maphack 1.13c\QooMap\Debug\link.write.1.tlog
F:\작업\MAPHACK 1.13C\QOOMAP\DEBUG\MAPHACK.OBJ
F:\작업\Maphack 1.13c\QooMap\Debug\mt.command.1.tlog
F:\작업\Maphack 1.13c\QooMap\Debug\mt.read.1.tlog
F:\작업\Maphack 1.13c\QooMap\Debug\mt.write.1.tlog
F:\작업\MAPHACK 1.13C\QOOMAP\DEBUG\OFFSET.OBJ
F:\작업\MAPHACK 1.13C\QOOMAP\DEBUG\QOOMAP.DLL.INTERMEDIATE.MANIFEST
F:\작업\MAPHACK 1.13C\QOOMAP\DEBUG\SCREENHOOKS.OBJ
F:\작업\Maphack 1.13c\QooMap\Debug\vc100.idb
F:\작업\MAPHACK 1.13C\QOOMAP\DEBUG\VC100.PDB
F:\작업\MAPHACK 1.13C\QOOMAP\DEBUG\VECTOR.OBJ
F:\작업\MAPHACK 1.13C\QOOMAP\DEBUG\WEATHER.OBJ
